Determining if the pthread_create exist failed with the following output:
Change Dir: /home/users/eng10048_3/Documents/PROTO_2018/Protocolos/build/CMakeFiles/CMakeTmp

Run Build Command:"/usr/bin/gmake" "cmTryCompileExec548026508/fast"
gmake[1]: Entering directory '/home/users/eng10048_3/Documents/PROTO_2018/Protocolos/build/CMakeFiles/CMakeTmp'
/usr/bin/gmake -f CMakeFiles/cmTryCompileExec548026508.dir/build.make CMakeFiles/cmTryCompileExec548026508.dir/build
gmake[2]: Entering directory '/home/users/eng10048_3/Documents/PROTO_2018/Protocolos/build/CMakeFiles/CMakeTmp'
/usr/bin/cmake -E cmake_progress_report /home/users/eng10048_3/Documents/PROTO_2018/Protocolos/build/CMakeFiles/CMakeTmp/CMakeFiles 1
Building C object CMakeFiles/cmTryCompileExec548026508.dir/CheckSymbolExists.c.o
/usr/bin/cc    -o CMakeFiles/cmTryCompileExec548026508.dir/CheckSymbolExists.c.o   -c /home/users/eng10048_3/Documents/PROTO_2018/Protocolos/build/CMakeFiles/CMakeTmp/CheckSymbolExists.c
Linking C executable cmTryCompileExec548026508
/usr/bin/cmake -E cmake_link_script CMakeFiles/cmTryCompileExec548026508.dir/link.txt --verbose=1
/usr/bin/cc       CMakeFiles/cmTryCompileExec548026508.dir/CheckSymbolExists.c.o  -o cmTryCompileExec548026508 -rdynamic 
CMakeFiles/cmTryCompileExec548026508.dir/CheckSymbolExists.c.o: In function `main':
CheckSymbolExists.c:(.text+0x16): undefined reference to `pthread_create'
collect2: error: ld returned 1 exit status
CMakeFiles/cmTryCompileExec548026508.dir/build.make:88: recipe for target 'cmTryCompileExec548026508' failed
gmake[2]: Leaving directory '/home/users/eng10048_3/Documents/PROTO_2018/Protocolos/build/CMakeFiles/CMakeTmp'
Makefile:118: recipe for target 'cmTryCompileExec548026508/fast' failed
gmake[1]: Leaving directory '/home/users/eng10048_3/Documents/PROTO_2018/Protocolos/build/CMakeFiles/CMakeTmp'
gmake[2]: *** [cmTryCompileExec548026508] Error 1
gmake[1]: *** [cmTryCompileExec548026508/fast] Error 2

File /home/users/eng10048_3/Documents/PROTO_2018/Protocolos/build/CMakeFiles/CMakeTmp/CheckSymbolExists.c:
/* */
#include <pthread.h>

int main(int argc, char** argv)
{
  (void)argv;
#ifndef pthread_create
  return ((int*)(&pthread_create))[argc];
#else
  (void)argc;
  return 0;
#endif
}

Determining if the function pthread_create exists in the pthreads failed with the following output:
Change Dir: /home/users/eng10048_3/Documents/PROTO_2018/Protocolos/build/CMakeFiles/CMakeTmp

Run Build Command:"/usr/bin/gmake" "cmTryCompileExec389108877/fast"
gmake[1]: Entering directory '/home/users/eng10048_3/Documents/PROTO_2018/Protocolos/build/CMakeFiles/CMakeTmp'
/usr/bin/gmake -f CMakeFiles/cmTryCompileExec389108877.dir/build.make CMakeFiles/cmTryCompileExec389108877.dir/build
gmake[2]: Entering directory '/home/users/eng10048_3/Documents/PROTO_2018/Protocolos/build/CMakeFiles/CMakeTmp'
/usr/bin/cmake -E cmake_progress_report /home/users/eng10048_3/Documents/PROTO_2018/Protocolos/build/CMakeFiles/CMakeTmp/CMakeFiles 1
Building C object CMakeFiles/cmTryCompileExec389108877.dir/CheckFunctionExists.c.o
/usr/bin/cc   -DCHECK_FUNCTION_EXISTS=pthread_create   -o CMakeFiles/cmTryCompileExec389108877.dir/CheckFunctionExists.c.o   -c /usr/share/cmake/Modules/CheckFunctionExists.c
Linking C executable cmTryCompileExec389108877
/usr/bin/cmake -E cmake_link_script CMakeFiles/cmTryCompileExec389108877.dir/link.txt --verbose=1
/usr/bin/cc   -DCHECK_FUNCTION_EXISTS=pthread_create    CMakeFiles/cmTryCompileExec389108877.dir/CheckFunctionExists.c.o  -o cmTryCompileExec389108877 -rdynamic -lpthreads 
/usr/lib64/gcc/x86_64-suse-linux/4.8/../../../../x86_64-suse-linux/bin/ld: cannot find -lpthreads
collect2: error: ld returned 1 exit status
CMakeFiles/cmTryCompileExec389108877.dir/build.make:88: recipe for target 'cmTryCompileExec389108877' failed
gmake[2]: *** [cmTryCompileExec389108877] Error 1
gmake[2]: Leaving directory '/home/users/eng10048_3/Documents/PROTO_2018/Protocolos/build/CMakeFiles/CMakeTmp'
Makefile:118: recipe for target 'cmTryCompileExec389108877/fast' failed
gmake[1]: *** [cmTryCompileExec389108877/fast] Error 2
gmake[1]: Leaving directory '/home/users/eng10048_3/Documents/PROTO_2018/Protocolos/build/CMakeFiles/CMakeTmp'


